[2025-11-16T15:10:06.288+0100] {local_task_job_runner.py:120} INFO - ::group::Pre task execution logs
[2025-11-16T15:10:06.293+0100] {taskinstance.py:2076} INFO - Dependencies all met for dep_context=non-requeueable deps ti=<TaskInstance: process_web_log.transform_data manual__2025-11-16T14:09:24.590176+00:00 [queued]>
[2025-11-16T15:10:06.294+0100] {taskinstance.py:2076} INFO - Dependencies all met for dep_context=requeueable deps ti=<TaskInstance: process_web_log.transform_data manual__2025-11-16T14:09:24.590176+00:00 [queued]>
[2025-11-16T15:10:06.294+0100] {taskinstance.py:2306} INFO - Starting attempt 1 of 1
[2025-11-16T15:10:06.297+0100] {taskinstance.py:2330} INFO - Executing <Task(PythonOperator): transform_data> on 2025-11-16 14:09:24.590176+00:00
[2025-11-16T15:10:06.301+0100] {standard_task_runner.py:90} INFO - Running: ['airflow', 'tasks', 'run', 'process_web_log', 'transform_data', 'manual__2025-11-16T14:09:24.590176+00:00', '--job-id', '48', '--raw', '--subdir', 'DAGS_FOLDER/process_web_log.py', '--cfg-path', '/var/folders/8s/qyzh_26n0vb1qz3ft50_pn1c0000gn/T/tmp0ny7gjic']
[2025-11-16T15:10:06.302+0100] {logging_mixin.py:188} WARNING - /Users/imadsharof/Documents/Cours/MA1/Management datascience/Assignement3/.venv/lib/python3.12/site-packages/airflow/task/task_runner/standard_task_runner.py:61 DeprecationWarning: This process (pid=96629) is multi-threaded, use of fork() may lead to deadlocks in the child.
[2025-11-16T15:10:06.302+0100] {standard_task_runner.py:63} INFO - Started process 96630 to run task
[2025-11-16T15:10:06.302+0100] {standard_task_runner.py:91} INFO - Job 48: Subtask transform_data
[2025-11-16T15:10:06.312+0100] {task_command.py:426} INFO - Running <TaskInstance: process_web_log.transform_data manual__2025-11-16T14:09:24.590176+00:00 [running]> on host koosh.local
[2025-11-16T15:10:06.328+0100] {taskinstance.py:2648} INFO - Exporting env vars: AIRFLOW_CTX_DAG_OWNER='airflow' AIRFLOW_CTX_DAG_ID='process_web_log' AIRFLOW_CTX_TASK_ID='transform_data' AIRFLOW_CTX_EXECUTION_DATE='2025-11-16T14:09:24.590176+00:00' AIRFLOW_CTX_TRY_NUMBER='1' AIRFLOW_CTX_DAG_RUN_ID='manual__2025-11-16T14:09:24.590176+00:00'
[2025-11-16T15:10:06.329+0100] {taskinstance.py:430} INFO - ::endgroup::
[2025-11-16T15:10:06.329+0100] {logging_mixin.py:188} INFO - Transforming data...
[2025-11-16T15:10:06.331+0100] {logging_mixin.py:188} INFO - Filtered data written to: dags/the_logs/transformed_data.txt
[2025-11-16T15:10:06.331+0100] {python.py:237} INFO - Done. Returned value was: None
[2025-11-16T15:10:06.331+0100] {taskinstance.py:441} INFO - ::group::Post task execution logs
[2025-11-16T15:10:06.332+0100] {taskinstance.py:1206} INFO - Marking task as SUCCESS. dag_id=process_web_log, task_id=transform_data, run_id=manual__2025-11-16T14:09:24.590176+00:00, execution_date=20251116T140924, start_date=20251116T141006, end_date=20251116T141006
[2025-11-16T15:10:06.365+0100] {local_task_job_runner.py:240} INFO - Task exited with return code 0
[2025-11-16T15:10:06.372+0100] {taskinstance.py:3503} INFO - 1 downstream tasks scheduled from follow-on schedule check
[2025-11-16T15:10:06.372+0100] {local_task_job_runner.py:222} INFO - ::endgroup::
