[2025-11-16T13:06:53.382+0100] {local_task_job_runner.py:120} INFO - ::group::Pre task execution logs
[2025-11-16T13:06:53.387+0100] {taskinstance.py:2076} INFO - Dependencies all met for dep_context=non-requeueable deps ti=<TaskInstance: process_web_log.transform_data scheduled__2025-11-15T00:00:00+00:00 [queued]>
[2025-11-16T13:06:53.389+0100] {taskinstance.py:2076} INFO - Dependencies all met for dep_context=requeueable deps ti=<TaskInstance: process_web_log.transform_data scheduled__2025-11-15T00:00:00+00:00 [queued]>
[2025-11-16T13:06:53.389+0100] {taskinstance.py:2306} INFO - Starting attempt 1 of 1
[2025-11-16T13:06:53.392+0100] {taskinstance.py:2330} INFO - Executing <Task(PythonOperator): transform_data> on 2025-11-15 00:00:00+00:00
[2025-11-16T13:06:53.395+0100] {standard_task_runner.py:90} INFO - Running: ['airflow', 'tasks', 'run', 'process_web_log', 'transform_data', 'scheduled__2025-11-15T00:00:00+00:00', '--job-id', '7', '--raw', '--subdir', 'DAGS_FOLDER/process_web_log.py', '--cfg-path', '/var/folders/8s/qyzh_26n0vb1qz3ft50_pn1c0000gn/T/tmpr8e3yeza']
[2025-11-16T13:06:53.395+0100] {standard_task_runner.py:91} INFO - Job 7: Subtask transform_data
[2025-11-16T13:06:53.395+0100] {logging_mixin.py:188} WARNING - /Users/imadsharof/Documents/Cours/MA1/Management datascience/Assignement3/.venv/lib/python3.12/site-packages/airflow/task/task_runner/standard_task_runner.py:61 DeprecationWarning: This process (pid=60416) is multi-threaded, use of fork() may lead to deadlocks in the child.
[2025-11-16T13:06:53.396+0100] {standard_task_runner.py:63} INFO - Started process 60427 to run task
[2025-11-16T13:06:53.407+0100] {task_command.py:426} INFO - Running <TaskInstance: process_web_log.transform_data scheduled__2025-11-15T00:00:00+00:00 [running]> on host koosh.local
[2025-11-16T13:06:53.421+0100] {taskinstance.py:2648} INFO - Exporting env vars: AIRFLOW_CTX_DAG_OWNER='airflow' AIRFLOW_CTX_DAG_ID='process_web_log' AIRFLOW_CTX_TASK_ID='transform_data' AIRFLOW_CTX_EXECUTION_DATE='2025-11-15T00:00:00+00:00' AIRFLOW_CTX_TRY_NUMBER='1' AIRFLOW_CTX_DAG_RUN_ID='scheduled__2025-11-15T00:00:00+00:00'
[2025-11-16T13:06:53.422+0100] {taskinstance.py:430} INFO - ::endgroup::
[2025-11-16T13:06:53.422+0100] {logging_mixin.py:188} INFO - Transforming data...
[2025-11-16T13:06:53.423+0100] {logging_mixin.py:188} INFO - Filtered data written to: dags/the_logs/transformed_data.txt
[2025-11-16T13:06:53.424+0100] {python.py:237} INFO - Done. Returned value was: None
[2025-11-16T13:06:53.424+0100] {taskinstance.py:441} INFO - ::group::Post task execution logs
[2025-11-16T13:06:53.427+0100] {taskinstance.py:1206} INFO - Marking task as SUCCESS. dag_id=process_web_log, task_id=transform_data, run_id=scheduled__2025-11-15T00:00:00+00:00, execution_date=20251115T000000, start_date=20251116T120653, end_date=20251116T120653
[2025-11-16T13:06:53.459+0100] {local_task_job_runner.py:240} INFO - Task exited with return code 0
[2025-11-16T13:06:53.464+0100] {taskinstance.py:3503} INFO - 1 downstream tasks scheduled from follow-on schedule check
[2025-11-16T13:06:53.464+0100] {local_task_job_runner.py:222} INFO - ::endgroup::
