[2025-11-16T15:08:52.458+0100] {local_task_job_runner.py:120} INFO - ::group::Pre task execution logs
[2025-11-16T15:08:52.464+0100] {taskinstance.py:2076} INFO - Dependencies all met for dep_context=non-requeueable deps ti=<TaskInstance: process_web_log.notify_discord manual__2025-11-16T13:52:15.404051+00:00 [queued]>
[2025-11-16T15:08:52.465+0100] {taskinstance.py:2076} INFO - Dependencies all met for dep_context=requeueable deps ti=<TaskInstance: process_web_log.notify_discord manual__2025-11-16T13:52:15.404051+00:00 [queued]>
[2025-11-16T15:08:52.465+0100] {taskinstance.py:2306} INFO - Starting attempt 3 of 1
[2025-11-16T15:08:52.468+0100] {taskinstance.py:2330} INFO - Executing <Task(PythonOperator): notify_discord> on 2025-11-16 13:52:15.404051+00:00
[2025-11-16T15:08:52.472+0100] {standard_task_runner.py:90} INFO - Running: ['airflow', 'tasks', 'run', 'process_web_log', 'notify_discord', 'manual__2025-11-16T13:52:15.404051+00:00', '--job-id', '39', '--raw', '--subdir', 'DAGS_FOLDER/process_web_log.py', '--cfg-path', '/var/folders/8s/qyzh_26n0vb1qz3ft50_pn1c0000gn/T/tmpw8i3jiu8']
[2025-11-16T15:08:52.473+0100] {logging_mixin.py:188} WARNING - /Users/imadsharof/Documents/Cours/MA1/Management datascience/Assignement3/.venv/lib/python3.12/site-packages/airflow/task/task_runner/standard_task_runner.py:61 DeprecationWarning: This process (pid=96285) is multi-threaded, use of fork() may lead to deadlocks in the child.
[2025-11-16T15:08:52.473+0100] {standard_task_runner.py:91} INFO - Job 39: Subtask notify_discord
[2025-11-16T15:08:52.473+0100] {standard_task_runner.py:63} INFO - Started process 96288 to run task
[2025-11-16T15:08:52.484+0100] {task_command.py:426} INFO - Running <TaskInstance: process_web_log.notify_discord manual__2025-11-16T13:52:15.404051+00:00 [running]> on host koosh.local
[2025-11-16T15:08:52.500+0100] {taskinstance.py:2648} INFO - Exporting env vars: AIRFLOW_CTX_DAG_OWNER='airflow' AIRFLOW_CTX_DAG_ID='process_web_log' AIRFLOW_CTX_TASK_ID='notify_discord' AIRFLOW_CTX_EXECUTION_DATE='2025-11-16T13:52:15.404051+00:00' AIRFLOW_CTX_TRY_NUMBER='3' AIRFLOW_CTX_DAG_RUN_ID='manual__2025-11-16T13:52:15.404051+00:00'
[2025-11-16T15:08:52.500+0100] {taskinstance.py:430} INFO - ::endgroup::
[2025-11-16T15:08:52.501+0100] {logging_mixin.py:188} INFO - Sending notification to Discord...
[2025-11-16T15:19:12.324+0100] {local_task_job_runner.py:222} INFO - ::endgroup::
[2025-11-16T15:19:12.328+0100] {process_utils.py:132} INFO - Sending 15 to group 96288. PIDs of all processes in the group: [96288]
[2025-11-16T15:19:12.329+0100] {process_utils.py:87} INFO - Sending the signal 15 to group 96288
[2025-11-16T15:19:20.351+0100] {local_task_job_runner.py:120} INFO - ::group::Pre task execution logs
[2025-11-16T15:19:20.356+0100] {taskinstance.py:2066} INFO - Dependencies not met for <TaskInstance: process_web_log.notify_discord manual__2025-11-16T13:52:15.404051+00:00 [running]>, dependency 'Task Instance State' FAILED: Task is in the 'running' state.
[2025-11-16T15:19:20.356+0100] {taskinstance.py:2066} INFO - Dependencies not met for <TaskInstance: process_web_log.notify_discord manual__2025-11-16T13:52:15.404051+00:00 [running]>, dependency 'Task Instance Not Running' FAILED: Task is in the running state
[2025-11-16T15:19:20.357+0100] {local_task_job_runner.py:163} INFO - Task is not able to be run
