[2025-11-16T13:07:26.576+0100] {local_task_job_runner.py:120} INFO - ::group::Pre task execution logs
[2025-11-16T13:07:26.585+0100] {taskinstance.py:2076} INFO - Dependencies all met for dep_context=non-requeueable deps ti=<TaskInstance: process_web_log.extract_data manual__2025-11-16T12:07:23.236155+00:00 [queued]>
[2025-11-16T13:07:26.586+0100] {taskinstance.py:2076} INFO - Dependencies all met for dep_context=requeueable deps ti=<TaskInstance: process_web_log.extract_data manual__2025-11-16T12:07:23.236155+00:00 [queued]>
[2025-11-16T13:07:26.586+0100] {taskinstance.py:2306} INFO - Starting attempt 1 of 1
[2025-11-16T13:07:26.590+0100] {taskinstance.py:2330} INFO - Executing <Task(PythonOperator): extract_data> on 2025-11-16 12:07:23.236155+00:00
[2025-11-16T13:07:26.594+0100] {standard_task_runner.py:90} INFO - Running: ['airflow', 'tasks', 'run', 'process_web_log', 'extract_data', 'manual__2025-11-16T12:07:23.236155+00:00', '--job-id', '12', '--raw', '--subdir', 'DAGS_FOLDER/process_web_log.py', '--cfg-path', '/var/folders/8s/qyzh_26n0vb1qz3ft50_pn1c0000gn/T/tmp1if768jc']
[2025-11-16T13:07:26.595+0100] {standard_task_runner.py:91} INFO - Job 12: Subtask extract_data
[2025-11-16T13:07:26.595+0100] {logging_mixin.py:188} WARNING - /Users/imadsharof/Documents/Cours/MA1/Management datascience/Assignement3/.venv/lib/python3.12/site-packages/airflow/task/task_runner/standard_task_runner.py:61 DeprecationWarning: This process (pid=60593) is multi-threaded, use of fork() may lead to deadlocks in the child.
[2025-11-16T13:07:26.595+0100] {standard_task_runner.py:63} INFO - Started process 60594 to run task
[2025-11-16T13:07:26.605+0100] {task_command.py:426} INFO - Running <TaskInstance: process_web_log.extract_data manual__2025-11-16T12:07:23.236155+00:00 [running]> on host koosh.local
[2025-11-16T13:07:26.622+0100] {taskinstance.py:2648} INFO - Exporting env vars: AIRFLOW_CTX_DAG_OWNER='airflow' AIRFLOW_CTX_DAG_ID='process_web_log' AIRFLOW_CTX_TASK_ID='extract_data' AIRFLOW_CTX_EXECUTION_DATE='2025-11-16T12:07:23.236155+00:00' AIRFLOW_CTX_TRY_NUMBER='1' AIRFLOW_CTX_DAG_RUN_ID='manual__2025-11-16T12:07:23.236155+00:00'
[2025-11-16T13:07:26.622+0100] {taskinstance.py:430} INFO - ::endgroup::
[2025-11-16T13:07:26.622+0100] {logging_mixin.py:188} INFO - Extracting IP addresses...
[2025-11-16T13:07:26.627+0100] {logging_mixin.py:188} INFO - IP addresses written to: dags/the_logs/extracted_data.txt
[2025-11-16T13:07:26.627+0100] {python.py:237} INFO - Done. Returned value was: None
[2025-11-16T13:07:26.628+0100] {taskinstance.py:441} INFO - ::group::Post task execution logs
[2025-11-16T13:07:26.629+0100] {taskinstance.py:1206} INFO - Marking task as SUCCESS. dag_id=process_web_log, task_id=extract_data, run_id=manual__2025-11-16T12:07:23.236155+00:00, execution_date=20251116T120723, start_date=20251116T120726, end_date=20251116T120726
[2025-11-16T13:07:26.658+0100] {local_task_job_runner.py:240} INFO - Task exited with return code 0
[2025-11-16T13:07:26.664+0100] {taskinstance.py:3503} INFO - 1 downstream tasks scheduled from follow-on schedule check
[2025-11-16T13:07:26.665+0100] {local_task_job_runner.py:222} INFO - ::endgroup::
