[2025-11-16T15:10:07.845+0100] {local_task_job_runner.py:120} INFO - ::group::Pre task execution logs
[2025-11-16T15:10:07.850+0100] {taskinstance.py:2076} INFO - Dependencies all met for dep_context=non-requeueable deps ti=<TaskInstance: process_web_log.notify_discord manual__2025-11-16T13:53:56.972854+00:00 [queued]>
[2025-11-16T15:10:07.852+0100] {taskinstance.py:2076} INFO - Dependencies all met for dep_context=requeueable deps ti=<TaskInstance: process_web_log.notify_discord manual__2025-11-16T13:53:56.972854+00:00 [queued]>
[2025-11-16T15:10:07.852+0100] {taskinstance.py:2306} INFO - Starting attempt 1 of 1
[2025-11-16T15:10:07.855+0100] {taskinstance.py:2330} INFO - Executing <Task(PythonOperator): notify_discord> on 2025-11-16 13:53:56.972854+00:00
[2025-11-16T15:10:07.859+0100] {standard_task_runner.py:90} INFO - Running: ['airflow', 'tasks', 'run', 'process_web_log', 'notify_discord', 'manual__2025-11-16T13:53:56.972854+00:00', '--job-id', '50', '--raw', '--subdir', 'DAGS_FOLDER/process_web_log.py', '--cfg-path', '/var/folders/8s/qyzh_26n0vb1qz3ft50_pn1c0000gn/T/tmp1uqvm8ms']
[2025-11-16T15:10:07.860+0100] {logging_mixin.py:188} WARNING - /Users/imadsharof/Documents/Cours/MA1/Management datascience/Assignement3/.venv/lib/python3.12/site-packages/airflow/task/task_runner/standard_task_runner.py:61 DeprecationWarning: This process (pid=96633) is multi-threaded, use of fork() may lead to deadlocks in the child.
[2025-11-16T15:10:07.860+0100] {standard_task_runner.py:91} INFO - Job 50: Subtask notify_discord
[2025-11-16T15:10:07.860+0100] {standard_task_runner.py:63} INFO - Started process 96644 to run task
[2025-11-16T15:10:07.870+0100] {task_command.py:426} INFO - Running <TaskInstance: process_web_log.notify_discord manual__2025-11-16T13:53:56.972854+00:00 [running]> on host koosh.local
[2025-11-16T15:10:07.887+0100] {taskinstance.py:2648} INFO - Exporting env vars: AIRFLOW_CTX_DAG_OWNER='airflow' AIRFLOW_CTX_DAG_ID='process_web_log' AIRFLOW_CTX_TASK_ID='notify_discord' AIRFLOW_CTX_EXECUTION_DATE='2025-11-16T13:53:56.972854+00:00' AIRFLOW_CTX_TRY_NUMBER='1' AIRFLOW_CTX_DAG_RUN_ID='manual__2025-11-16T13:53:56.972854+00:00'
[2025-11-16T15:10:07.887+0100] {taskinstance.py:430} INFO - ::endgroup::
[2025-11-16T15:10:07.887+0100] {logging_mixin.py:188} INFO - Sending notification to Discord...
[2025-11-16T15:19:25.458+0100] {local_task_job_runner.py:222} INFO - ::endgroup::
[2025-11-16T15:19:25.464+0100] {process_utils.py:132} INFO - Sending 15 to group 96644. PIDs of all processes in the group: [96644]
[2025-11-16T15:19:25.464+0100] {process_utils.py:87} INFO - Sending the signal 15 to group 96644
[2025-11-16T15:19:30.890+0100] {local_task_job_runner.py:120} INFO - ::group::Pre task execution logs
[2025-11-16T15:19:30.896+0100] {taskinstance.py:2066} INFO - Dependencies not met for <TaskInstance: process_web_log.notify_discord manual__2025-11-16T13:53:56.972854+00:00 [running]>, dependency 'Task Instance Not Running' FAILED: Task is in the running state
[2025-11-16T15:19:30.896+0100] {taskinstance.py:2066} INFO - Dependencies not met for <TaskInstance: process_web_log.notify_discord manual__2025-11-16T13:53:56.972854+00:00 [running]>, dependency 'Task Instance State' FAILED: Task is in the 'running' state.
[2025-11-16T15:19:30.896+0100] {local_task_job_runner.py:163} INFO - Task is not able to be run
